INFO: activate-binutils_linux-64.sh made the following environmental changes:
+ADDR2LINE=/home/scottgbarnes/.conda/envs/tf3/bin/x86_64-conda_cos6-linux-gnu-addr2line
+AR=/home/scottgbarnes/.conda/envs/tf3/bin/x86_64-conda_cos6-linux-gnu-ar
+AS=/home/scottgbarnes/.conda/envs/tf3/bin/x86_64-conda_cos6-linux-gnu-as
+CXXFILT=/home/scottgbarnes/.conda/envs/tf3/bin/x86_64-conda_cos6-linux-gnu-c++filt
+ELFEDIT=/home/scottgbarnes/.conda/envs/tf3/bin/x86_64-conda_cos6-linux-gnu-elfedit
+GPROF=/home/scottgbarnes/.conda/envs/tf3/bin/x86_64-conda_cos6-linux-gnu-gprof
+HOST=x86_64-conda_cos6-linux-gnu
+LD=/home/scottgbarnes/.conda/envs/tf3/bin/x86_64-conda_cos6-linux-gnu-ld
+LD_GOLD=/home/scottgbarnes/.conda/envs/tf3/bin/x86_64-conda_cos6-linux-gnu-ld.gold
+NM=/home/scottgbarnes/.conda/envs/tf3/bin/x86_64-conda_cos6-linux-gnu-nm
+OBJCOPY=/home/scottgbarnes/.conda/envs/tf3/bin/x86_64-conda_cos6-linux-gnu-objcopy
+OBJDUMP=/home/scottgbarnes/.conda/envs/tf3/bin/x86_64-conda_cos6-linux-gnu-objdump
+RANLIB=/home/scottgbarnes/.conda/envs/tf3/bin/x86_64-conda_cos6-linux-gnu-ranlib
+READELF=/home/scottgbarnes/.conda/envs/tf3/bin/x86_64-conda_cos6-linux-gnu-readelf
+SIZE=/home/scottgbarnes/.conda/envs/tf3/bin/x86_64-conda_cos6-linux-gnu-size
+STRINGS=/home/scottgbarnes/.conda/envs/tf3/bin/x86_64-conda_cos6-linux-gnu-strings
+STRIP=/home/scottgbarnes/.conda/envs/tf3/bin/x86_64-conda_cos6-linux-gnu-strip
INFO: activate-gcc_linux-64.sh made the following environmental changes:
+CC=/home/scottgbarnes/.conda/envs/tf3/bin/x86_64-conda_cos6-linux-gnu-cc
+CFLAGS=-march=nocona -mtune=haswell -ftree-vectorize -fPIC -fstack-protector-strong -fno-plt -O2 -pipe
+CPP=/home/scottgbarnes/.conda/envs/tf3/bin/x86_64-conda_cos6-linux-gnu-cpp
+CPPFLAGS=-DNDEBUG -D_FORTIFY_SOURCE=2 -O2
+DEBUG_CFLAGS=-march=nocona -mtune=haswell -ftree-vectorize -fPIC -fstack-protector-all -fno-plt -Og -g -Wall -Wextra -fvar-tracking-assignments -pipe
+DEBUG_CPPFLAGS=-D_DEBUG -D_FORTIFY_SOURCE=2 -Og
+GCC=/home/scottgbarnes/.conda/envs/tf3/bin/x86_64-conda_cos6-linux-gnu-gcc
+GCC_AR=/home/scottgbarnes/.conda/envs/tf3/bin/x86_64-conda_cos6-linux-gnu-gcc-ar
+GCC_NM=/home/scottgbarnes/.conda/envs/tf3/bin/x86_64-conda_cos6-linux-gnu-gcc-nm
+GCC_RANLIB=/home/scottgbarnes/.conda/envs/tf3/bin/x86_64-conda_cos6-linux-gnu-gcc-ranlib
+LDFLAGS=-Wl,-O2 -Wl,--sort-common -Wl,--as-needed -Wl,-z,relro -Wl,-z,now
+_PYTHON_SYSCONFIGDATA_NAME=_sysconfigdata_x86_64_conda_cos6_linux_gnu
INFO: activate-gxx_linux-64.sh made the following environmental changes:
+CXX=/home/scottgbarnes/.conda/envs/tf3/bin/x86_64-conda_cos6-linux-gnu-c++
+CXXFLAGS=-fvisibility-inlines-hidden -std=c++17 -fmessage-length=0 -march=nocona -mtune=haswell -ftree-vectorize -fPIC -fstack-protector-strong -fno-plt -O2 -pipe
+DEBUG_CXXFLAGS=-fvisibility-inlines-hidden -std=c++17 -fmessage-length=0 -march=nocona -mtune=haswell -ftree-vectorize -fPIC -fstack-protector-all -fno-plt -Og -g -Wall -Wextra -fvar-tracking-assignments -pipe
+GXX=/home/scottgbarnes/.conda/envs/tf3/bin/x86_64-conda_cos6-linux-gnu-g++
